<?xml version="1.0" encoding="UTF-8"?>
<testsuite name="ru.stqa.TestLogin" tests="1" skipped="0" failures="0" errors="0" timestamp="2019-08-08T08:23:59" hostname="dementy-ПК" time="40.457">
  <properties/>
  <testcase name="testLogin" classname="ru.stqa.TestLogin" time="40.457"/>
  <system-out><![CDATA[]]></system-out>
  <system-err><![CDATA[Starting ChromeDriver 74.0.3729.6 (255758eccf3d244491b8a1317aa76e1ce10d57e9-refs/branch-heads/3729@{#29}) on port 43791
Only local connections are allowed.
Please protect ports used by ChromeDriver and related test frameworks to prevent access by malicious code.
[1565252644.684][WARNING]: This version of ChromeDriver has not been tested with Chrome version 75.
авг. 08, 2019 11:24:06 AM org.openqa.selenium.remote.ProtocolHandshake createSession
INFO: Detected dialect: OSS
]]></system-err>
</testsuite>
